#-----------------------------------------------------------
# Vivado v2018.1 (64-bit)
# SW Build 2188600 on Wed Apr  4 18:39:19 MDT 2018
# IP Build 2185939 on Wed Apr  4 20:55:05 MDT 2018
# Start of session at: Tue May 21 17:19:39 2019
# Process ID: 21655
# Current directory: /home/dai/vgg16.sparse.5x
# Command line: vivado
# Log file: /home/dai/vgg16.sparse.5x/vivado.log
# Journal file: /home/dai/vgg16.sparse.5x/vivado.jou
#-----------------------------------------------------------
start_gui
open_project /home/dai/vgg16.sparse.5x/vgg16.sparse.5x.xpr
Scanning sources...
Finished scanning sources
INFO: [IP_Flow 19-234] Refreshing IP repositories
INFO: [IP_Flow 19-1704] No user IP repositories specified
INFO: [IP_Flow 19-2313] Loaded Vivado IP repository '/opt/Xilinx/Vivado/2018.1/data/ip'.
WARNING: [IP_Flow 19-3664] IP 'adder_hfp' generated file not found '/home/dai/vgg16.sparse.5x/vgg16.sparse.5x.srcs/sources_1/ip/adder_hfp/adder_hfp.dcp'. Please regenerate to continue.
WARNING: [IP_Flow 19-3664] IP 'adder_hfp' generated file not found '/home/dai/vgg16.sparse.5x/vgg16.sparse.5x.srcs/sources_1/ip/adder_hfp/adder_hfp_stub.v'. Please regenerate to continue.
WARNING: [IP_Flow 19-3664] IP 'adder_hfp' generated file not found '/home/dai/vgg16.sparse.5x/vgg16.sparse.5x.srcs/sources_1/ip/adder_hfp/adder_hfp_stub.vhdl'. Please regenerate to continue.
WARNING: [IP_Flow 19-3664] IP 'adder_hfp' generated file not found '/home/dai/vgg16.sparse.5x/vgg16.sparse.5x.srcs/sources_1/ip/adder_hfp/adder_hfp_sim_netlist.v'. Please regenerate to continue.
WARNING: [IP_Flow 19-3664] IP 'adder_hfp' generated file not found '/home/dai/vgg16.sparse.5x/vgg16.sparse.5x.srcs/sources_1/ip/adder_hfp/adder_hfp_sim_netlist.vhdl'. Please regenerate to continue.
WARNING: [IP_Flow 19-3664] IP 'adder16_16' generated file not found '/home/dai/vgg16.sparse.5x/vgg16.sparse.5x.srcs/sources_1/ip/adder16_16/adder16_16.dcp'. Please regenerate to continue.
WARNING: [IP_Flow 19-3664] IP 'adder16_16' generated file not found '/home/dai/vgg16.sparse.5x/vgg16.sparse.5x.srcs/sources_1/ip/adder16_16/adder16_16_stub.v'. Please regenerate to continue.
WARNING: [IP_Flow 19-3664] IP 'adder16_16' generated file not found '/home/dai/vgg16.sparse.5x/vgg16.sparse.5x.srcs/sources_1/ip/adder16_16/adder16_16_stub.vhdl'. Please regenerate to continue.
WARNING: [IP_Flow 19-3664] IP 'adder16_16' generated file not found '/home/dai/vgg16.sparse.5x/vgg16.sparse.5x.srcs/sources_1/ip/adder16_16/adder16_16_sim_netlist.v'. Please regenerate to continue.
WARNING: [IP_Flow 19-3664] IP 'adder16_16' generated file not found '/home/dai/vgg16.sparse.5x/vgg16.sparse.5x.srcs/sources_1/ip/adder16_16/adder16_16_sim_netlist.vhdl'. Please regenerate to continue.
WARNING: [IP_Flow 19-3664] IP 'adder17_16' generated file not found '/home/dai/vgg16.sparse.5x/vgg16.sparse.5x.srcs/sources_1/ip/adder17_16/adder17_16.dcp'. Please regenerate to continue.
WARNING: [IP_Flow 19-3664] IP 'adder17_16' generated file not found '/home/dai/vgg16.sparse.5x/vgg16.sparse.5x.srcs/sources_1/ip/adder17_16/adder17_16_stub.v'. Please regenerate to continue.
WARNING: [IP_Flow 19-3664] IP 'adder17_16' generated file not found '/home/dai/vgg16.sparse.5x/vgg16.sparse.5x.srcs/sources_1/ip/adder17_16/adder17_16_stub.vhdl'. Please regenerate to continue.
WARNING: [IP_Flow 19-3664] IP 'adder17_16' generated file not found '/home/dai/vgg16.sparse.5x/vgg16.sparse.5x.srcs/sources_1/ip/adder17_16/adder17_16_sim_netlist.v'. Please regenerate to continue.
WARNING: [IP_Flow 19-3664] IP 'adder17_16' generated file not found '/home/dai/vgg16.sparse.5x/vgg16.sparse.5x.srcs/sources_1/ip/adder17_16/adder17_16_sim_netlist.vhdl'. Please regenerate to continue.
WARNING: [IP_Flow 19-3664] IP 'adder18_18' generated file not found '/home/dai/vgg16.sparse.5x/vgg16.sparse.5x.srcs/sources_1/ip/adder18_18/adder18_18.dcp'. Please regenerate to continue.
WARNING: [IP_Flow 19-3664] IP 'adder18_18' generated file not found '/home/dai/vgg16.sparse.5x/vgg16.sparse.5x.srcs/sources_1/ip/adder18_18/adder18_18_stub.v'. Please regenerate to continue.
WARNING: [IP_Flow 19-3664] IP 'adder18_18' generated file not found '/home/dai/vgg16.sparse.5x/vgg16.sparse.5x.srcs/sources_1/ip/adder18_18/adder18_18_stub.vhdl'. Please regenerate to continue.
WARNING: [IP_Flow 19-3664] IP 'adder18_18' generated file not found '/home/dai/vgg16.sparse.5x/vgg16.sparse.5x.srcs/sources_1/ip/adder18_18/adder18_18_sim_netlist.v'. Please regenerate to continue.
WARNING: [IP_Flow 19-3664] IP 'adder18_18' generated file not found '/home/dai/vgg16.sparse.5x/vgg16.sparse.5x.srcs/sources_1/ip/adder18_18/adder18_18_sim_netlist.vhdl'. Please regenerate to continue.
WARNING: [IP_Flow 19-3664] IP 'adder18_19' generated file not found '/home/dai/vgg16.sparse.5x/vgg16.sparse.5x.srcs/sources_1/ip/adder18_19/adder18_19.dcp'. Please regenerate to continue.
WARNING: [IP_Flow 19-3664] IP 'adder18_19' generated file not found '/home/dai/vgg16.sparse.5x/vgg16.sparse.5x.srcs/sources_1/ip/adder18_19/adder18_19_stub.v'. Please regenerate to continue.
WARNING: [IP_Flow 19-3664] IP 'adder18_19' generated file not found '/home/dai/vgg16.sparse.5x/vgg16.sparse.5x.srcs/sources_1/ip/adder18_19/adder18_19_stub.vhdl'. Please regenerate to continue.
WARNING: [IP_Flow 19-3664] IP 'adder18_19' generated file not found '/home/dai/vgg16.sparse.5x/vgg16.sparse.5x.srcs/sources_1/ip/adder18_19/adder18_19_sim_netlist.v'. Please regenerate to continue.
WARNING: [IP_Flow 19-3664] IP 'adder18_19' generated file not found '/home/dai/vgg16.sparse.5x/vgg16.sparse.5x.srcs/sources_1/ip/adder18_19/adder18_19_sim_netlist.vhdl'. Please regenerate to continue.
WARNING: [IP_Flow 19-3899] Cannot get the environment domain name variable for the component vendor name. Setting the vendor name to 'user.org'.
update_compile_order -fileset sources_1
set_property SOURCE_SET sources_1 [get_filesets sim_1]
close [ open /home/dai/vgg16.sparse.5x/vgg16.sparse.5x.srcs/sources_1/sim/pe_array1x3_lower_tb.v w ]
add_files -fileset sim_1 /home/dai/vgg16.sparse.5x/vgg16.sparse.5x.srcs/sources_1/sim/pe_array1x3_lower_tb.v
update_compile_order -fileset sim_1
update_compile_order -fileset sim_1
exit
INFO: [Common 17-206] Exiting Vivado at Tue May 21 19:15:11 2019...
