#-----------------------------------------------------------
# Vivado v2018.1 (64-bit)
# SW Build 2188600 on Wed Apr  4 18:39:19 MDT 2018
# IP Build 2185939 on Wed Apr  4 20:55:05 MDT 2018
# Start of session at: Tue May 21 16:36:58 2019
# Process ID: 15050
# Current directory: /home/dai/vgg16.sparse.5x
# Command line: vivado
# Log file: /home/dai/vgg16.sparse.5x/vivado.log
# Journal file: /home/dai/vgg16.sparse.5x/vivado.jou
#-----------------------------------------------------------
start_gui
open_project /home/dai/vgg16.sparse.5x/vgg16.sparse.5x.xpr
INFO: [Project 1-313] Project file moved from '/home/daijw/vgg16.sparse.5x' since last save.
Scanning sources...
Finished scanning sources
INFO: [IP_Flow 19-234] Refreshing IP repositories
INFO: [IP_Flow 19-1704] No user IP repositories specified
INFO: [IP_Flow 19-2313] Loaded Vivado IP repository '/opt/Xilinx/Vivado/2018.1/data/ip'.
WARNING: [IP_Flow 19-3664] IP 'mult8_8' generated file not found '/home/dai/vgg16.sparse.5x/vgg16.sparse.5x.srcs/sources_1/ip/mult8_8/mult8_8.dcp'. Please regenerate to continue.
WARNING: [IP_Flow 19-3664] IP 'mult8_8' generated file not found '/home/dai/vgg16.sparse.5x/vgg16.sparse.5x.srcs/sources_1/ip/mult8_8/mult8_8_stub.v'. Please regenerate to continue.
WARNING: [IP_Flow 19-3664] IP 'mult8_8' generated file not found '/home/dai/vgg16.sparse.5x/vgg16.sparse.5x.srcs/sources_1/ip/mult8_8/mult8_8_stub.vhdl'. Please regenerate to continue.
WARNING: [IP_Flow 19-3664] IP 'mult8_8' generated file not found '/home/dai/vgg16.sparse.5x/vgg16.sparse.5x.srcs/sources_1/ip/mult8_8/mult8_8_sim_netlist.v'. Please regenerate to continue.
WARNING: [IP_Flow 19-3664] IP 'mult8_8' generated file not found '/home/dai/vgg16.sparse.5x/vgg16.sparse.5x.srcs/sources_1/ip/mult8_8/mult8_8_sim_netlist.vhdl'. Please regenerate to continue.
WARNING: [IP_Flow 19-3664] IP 'adder_hfp' generated file not found '/home/dai/vgg16.sparse.5x/vgg16.sparse.5x.srcs/sources_1/ip/adder_hfp/adder_hfp.dcp'. Please regenerate to continue.
WARNING: [IP_Flow 19-3664] IP 'adder_hfp' generated file not found '/home/dai/vgg16.sparse.5x/vgg16.sparse.5x.srcs/sources_1/ip/adder_hfp/adder_hfp_stub.v'. Please regenerate to continue.
WARNING: [IP_Flow 19-3664] IP 'adder_hfp' generated file not found '/home/dai/vgg16.sparse.5x/vgg16.sparse.5x.srcs/sources_1/ip/adder_hfp/adder_hfp_stub.vhdl'. Please regenerate to continue.
WARNING: [IP_Flow 19-3664] IP 'adder_hfp' generated file not found '/home/dai/vgg16.sparse.5x/vgg16.sparse.5x.srcs/sources_1/ip/adder_hfp/adder_hfp_sim_netlist.v'. Please regenerate to continue.
WARNING: [IP_Flow 19-3664] IP 'adder_hfp' generated file not found '/home/dai/vgg16.sparse.5x/vgg16.sparse.5x.srcs/sources_1/ip/adder_hfp/adder_hfp_sim_netlist.vhdl'. Please regenerate to continue.
WARNING: [IP_Flow 19-3664] IP 'adder16_16' generated file not found '/home/dai/vgg16.sparse.5x/vgg16.sparse.5x.srcs/sources_1/ip/adder16_16/adder16_16.dcp'. Please regenerate to continue.
WARNING: [IP_Flow 19-3664] IP 'adder16_16' generated file not found '/home/dai/vgg16.sparse.5x/vgg16.sparse.5x.srcs/sources_1/ip/adder16_16/adder16_16_stub.v'. Please regenerate to continue.
WARNING: [IP_Flow 19-3664] IP 'adder16_16' generated file not found '/home/dai/vgg16.sparse.5x/vgg16.sparse.5x.srcs/sources_1/ip/adder16_16/adder16_16_stub.vhdl'. Please regenerate to continue.
WARNING: [IP_Flow 19-3664] IP 'adder16_16' generated file not found '/home/dai/vgg16.sparse.5x/vgg16.sparse.5x.srcs/sources_1/ip/adder16_16/adder16_16_sim_netlist.v'. Please regenerate to continue.
WARNING: [IP_Flow 19-3664] IP 'adder16_16' generated file not found '/home/dai/vgg16.sparse.5x/vgg16.sparse.5x.srcs/sources_1/ip/adder16_16/adder16_16_sim_netlist.vhdl'. Please regenerate to continue.
WARNING: [IP_Flow 19-3664] IP 'adder17_16' generated file not found '/home/dai/vgg16.sparse.5x/vgg16.sparse.5x.srcs/sources_1/ip/adder17_16/adder17_16.dcp'. Please regenerate to continue.
WARNING: [IP_Flow 19-3664] IP 'adder17_16' generated file not found '/home/dai/vgg16.sparse.5x/vgg16.sparse.5x.srcs/sources_1/ip/adder17_16/adder17_16_stub.v'. Please regenerate to continue.
WARNING: [IP_Flow 19-3664] IP 'adder17_16' generated file not found '/home/dai/vgg16.sparse.5x/vgg16.sparse.5x.srcs/sources_1/ip/adder17_16/adder17_16_stub.vhdl'. Please regenerate to continue.
WARNING: [IP_Flow 19-3664] IP 'adder17_16' generated file not found '/home/dai/vgg16.sparse.5x/vgg16.sparse.5x.srcs/sources_1/ip/adder17_16/adder17_16_sim_netlist.v'. Please regenerate to continue.
WARNING: [IP_Flow 19-3664] IP 'adder17_16' generated file not found '/home/dai/vgg16.sparse.5x/vgg16.sparse.5x.srcs/sources_1/ip/adder17_16/adder17_16_sim_netlist.vhdl'. Please regenerate to continue.
WARNING: [IP_Flow 19-3664] IP 'adder18_18' generated file not found '/home/dai/vgg16.sparse.5x/vgg16.sparse.5x.srcs/sources_1/ip/adder18_18/adder18_18.dcp'. Please regenerate to continue.
WARNING: [IP_Flow 19-3664] IP 'adder18_18' generated file not found '/home/dai/vgg16.sparse.5x/vgg16.sparse.5x.srcs/sources_1/ip/adder18_18/adder18_18_stub.v'. Please regenerate to continue.
WARNING: [IP_Flow 19-3664] IP 'adder18_18' generated file not found '/home/dai/vgg16.sparse.5x/vgg16.sparse.5x.srcs/sources_1/ip/adder18_18/adder18_18_stub.vhdl'. Please regenerate to continue.
WARNING: [IP_Flow 19-3664] IP 'adder18_18' generated file not found '/home/dai/vgg16.sparse.5x/vgg16.sparse.5x.srcs/sources_1/ip/adder18_18/adder18_18_sim_netlist.v'. Please regenerate to continue.
WARNING: [IP_Flow 19-3664] IP 'adder18_18' generated file not found '/home/dai/vgg16.sparse.5x/vgg16.sparse.5x.srcs/sources_1/ip/adder18_18/adder18_18_sim_netlist.vhdl'. Please regenerate to continue.
WARNING: [IP_Flow 19-3664] IP 'adder18_19' generated file not found '/home/dai/vgg16.sparse.5x/vgg16.sparse.5x.srcs/sources_1/ip/adder18_19/adder18_19.dcp'. Please regenerate to continue.
WARNING: [IP_Flow 19-3664] IP 'adder18_19' generated file not found '/home/dai/vgg16.sparse.5x/vgg16.sparse.5x.srcs/sources_1/ip/adder18_19/adder18_19_stub.v'. Please regenerate to continue.
WARNING: [IP_Flow 19-3664] IP 'adder18_19' generated file not found '/home/dai/vgg16.sparse.5x/vgg16.sparse.5x.srcs/sources_1/ip/adder18_19/adder18_19_stub.vhdl'. Please regenerate to continue.
WARNING: [IP_Flow 19-3664] IP 'adder18_19' generated file not found '/home/dai/vgg16.sparse.5x/vgg16.sparse.5x.srcs/sources_1/ip/adder18_19/adder18_19_sim_netlist.v'. Please regenerate to continue.
WARNING: [IP_Flow 19-3664] IP 'adder18_19' generated file not found '/home/dai/vgg16.sparse.5x/vgg16.sparse.5x.srcs/sources_1/ip/adder18_19/adder18_19_sim_netlist.vhdl'. Please regenerate to continue.
open_project: Time (s): cpu = 00:00:11 ; elapsed = 00:00:11 . Memory (MB): peak = 6136.059 ; gain = 140.789 ; free physical = 11894 ; free virtual = 14906
update_compile_order -fileset sources_1
WARNING: [IP_Flow 19-3899] Cannot get the environment domain name variable for the component vendor name. Setting the vendor name to 'user.org'.
set_property -dict [list CONFIG.PipeStages {1} CONFIG.ClockEnable {true}] [get_ips mult8_8]
generate_target all [get_files  /home/dai/vgg16.sparse.5x/vgg16.sparse.5x.srcs/sources_1/ip/mult8_8/mult8_8.xci]
INFO: [IP_Flow 19-1686] Generating 'Instantiation Template' target for IP 'mult8_8'...
INFO: [IP_Flow 19-1686] Generating 'Synthesis' target for IP 'mult8_8'...
INFO: [IP_Flow 19-1686] Generating 'Simulation' target for IP 'mult8_8'...
INFO: [IP_Flow 19-1686] Generating 'Change Log' target for IP 'mult8_8'...
catch { config_ip_cache -export [get_ips -all mult8_8] }
export_ip_user_files -of_objects [get_files /home/dai/vgg16.sparse.5x/vgg16.sparse.5x.srcs/sources_1/ip/mult8_8/mult8_8.xci] -no_script -sync -force -quiet
reset_run mult8_8_synth_1
launch_runs -jobs 2 mult8_8_synth_1
[Tue May 21 17:16:55 2019] Launched mult8_8_synth_1...
Run output will be captured here: /home/dai/vgg16.sparse.5x/vgg16.sparse.5x.runs/mult8_8_synth_1/runme.log
export_simulation -of_objects [get_files /home/dai/vgg16.sparse.5x/vgg16.sparse.5x.srcs/sources_1/ip/mult8_8/mult8_8.xci] -directory /home/dai/vgg16.sparse.5x/vgg16.sparse.5x.ip_user_files/sim_scripts -ip_user_files_dir /home/dai/vgg16.sparse.5x/vgg16.sparse.5x.ip_user_files -ipstatic_source_dir /home/dai/vgg16.sparse.5x/vgg16.sparse.5x.ip_user_files/ipstatic -lib_map_path [list {modelsim=/home/dai/vgg16.sparse.5x/vgg16.sparse.5x.cache/compile_simlib/modelsim} {questa=/home/dai/vgg16.sparse.5x/vgg16.sparse.5x.cache/compile_simlib/questa} {ies=/home/dai/vgg16.sparse.5x/vgg16.sparse.5x.cache/compile_simlib/ies} {xcelium=/home/dai/vgg16.sparse.5x/vgg16.sparse.5x.cache/compile_simlib/xcelium} {vcs=/home/dai/vgg16.sparse.5x/vgg16.sparse.5x.cache/compile_simlib/vcs} {riviera=/home/dai/vgg16.sparse.5x/vgg16.sparse.5x.cache/compile_simlib/riviera}] -use_ip_compiled_libs -force -quiet
exit
INFO: [Common 17-206] Exiting Vivado at Tue May 21 17:19:36 2019...
